10/13/2018 06:40:22 PM, INFO,  ===========Log starts===========
 command line options: --help, --log_file, --parse, --string
10/13/2018 06:40:22 PM, INFO,  user winniferjeng on platform Darwin-18.0.0-x86_64-i386-64bit
10/13/2018 06:40:22 PM, INFO,  10/13/2018 06:40:22 PM, INFO,  user winniferjeng on platform Darwin-18.0.0-x86_64-i386-64bit

10/13/2018 06:40:22 PM, INFO,  ===========Log ends===========

10/13/2018 06:43:05 PM, INFO,  ===========Log starts===========
 command line options: --help, --log_file, --parse, --string
10/13/2018 06:43:05 PM, INFO,  user winniferjeng on platform Darwin-18.0.0-x86_64-i386-64bit
10/13/2018 06:43:05 PM, INFO,  Darwin- found in line: 10/13/2018 06:40:22 PM, INFO,  user winniferjeng on platform Darwin-18.0.0-x86_64-i386-64bit

10/13/2018 06:43:05 PM, INFO,  Darwin- found in line: 10/13/2018 06:40:22 PM, INFO,  10/13/2018 06:40:22 PM, INFO,  user winniferjeng on platform Darwin-18.0.0-x86_64-i386-64bit

10/13/2018 06:43:05 PM, INFO,  Darwin- found in line: 10/13/2018 06:43:05 PM, INFO,  user winniferjeng on platform Darwin-18.0.0-x86_64-i386-64bit

10/13/2018 06:43:05 PM, INFO,  ===========Log ends===========

10/13/2018 06:44:14 PM, INFO,  ===========Log starts===========
 command line options: --help, --log_file, --parse, --string
10/13/2018 06:44:14 PM, INFO,  user winniferjeng on platform Darwin-18.0.0-x86_64-i386-64bit
10/13/2018 06:44:14 PM, INFO,  ===========Log ends===========

10/13/2018 06:45:06 PM, INFO,  ===========Log starts===========
 command line options: --help, --log_file, --parse, --string
10/13/2018 06:45:06 PM, INFO,  user winniferjeng on platform Darwin-18.0.0-x86_64-i386-64bit
10/13/2018 06:45:06 PM, INFO,  ===========Log ends===========

10/13/2018 06:50:24 PM, INFO,  ===========Log starts===========
 command line options: --help, --log_file, --parse, --string
10/13/2018 06:50:24 PM, INFO,  user winniferjeng on platform Darwin-18.0.0-x86_64-i386-64bit
10/13/2018 06:50:24 PM, INFO,  ===========Log ends===========

10/13/2018 06:53:22 PM, INFO,  ===========Log starts===========
 command line options: --help, --log_file, --parse, --string
10/13/2018 06:53:22 PM, INFO,  user winniferjeng on platform Darwin-18.0.0-x86_64-i386-64bit
10/13/2018 06:53:22 PM, INFO,  ===========Log ends===========

10/13/2018 07:01:53 PM, INFO,  ====================+==Log starts==================+====
 command line options: --help, --log_file, --parse, --string
10/13/2018 07:01:53 PM, INFO,  user winniferjeng on platform Darwin-18.0.0-x86_64-i386-64bit
10/13/2018 07:01:53 PM, INFO,  =========================Log ends========================

10/13/2018 07:02:25 PM, INFO,  ====================+==Log starts==================+====
 command line options: --help, --log_file, --parse, --string
10/13/2018 07:02:25 PM, INFO,  user winniferjeng on platform Darwin-18.0.0-x86_64-i386-64bit
10/13/2018 07:02:25 PM, INFO,  =========================Log ends========================

10/13/2018 07:02:33 PM, INFO,  ====================+==Log starts==================+====
 command line options: --help, --log_file, --parse, --string
10/13/2018 07:02:33 PM, INFO,  user winniferjeng on platform Darwin-18.0.0-x86_64-i386-64bit
10/13/2018 07:02:33 PM, INFO,  =========================Log ends========================

10/13/2018 07:02:51 PM, INFO,  ====================+==Log starts==================+====
 command line options: --help, --log_file, --parse, --string
10/13/2018 07:02:51 PM, INFO,  user winniferjeng on platform Darwin-18.0.0-x86_64-i386-64bit
10/13/2018 07:02:51 PM, INFO,  =========================Log ends========================

10/13/2018 07:03:08 PM, INFO,  ====================+==Log starts==================+====
 command line options: --help, --log_file, --parse, --string
10/13/2018 07:03:08 PM, INFO,  user winniferjeng on platform Darwin-18.0.0-x86_64-i386-64bit
10/13/2018 07:03:08 PM, INFO,  =========================Log ends========================

10/13/2018 07:03:31 PM, INFO,  ====================+==Log starts==================+====
 command line options: --help, --log_file, --parse, --string
10/13/2018 07:03:31 PM, INFO,  user winniferjeng on platform Darwin-18.0.0-x86_64-i386-64bit
10/13/2018 07:03:31 PM, INFO,  =========================Log ends========================

10/13/2018 07:05:35 PM, INFO,  ====================+==Log starts==================+====
 command line options: --help, --log_file, --parse, --string
10/13/2018 07:05:36 PM, INFO,  user winniferjeng on platform Darwin-18.0.0-x86_64-i386-64bit
10/13/2018 07:05:36 PM, INFO, import sys, os, argparse, platform, logging, re

10/13/2018 07:05:36 PM, INFO,  =========================Log ends========================

10/13/2018 07:06:50 PM, INFO,  ====================+==Log starts==================+====
 command line options: --help, --log_file, --parse, --string
10/13/2018 07:06:50 PM, INFO,  user winniferjeng on platform Darwin-18.0.0-x86_64-i386-64bit
10/13/2018 07:06:50 PM, INFO,  import sys found on line import sys, os, argparse, platform, logging, re
: 
10/13/2018 07:06:50 PM, INFO,  =========================Log ends========================

